0 info it worked if it ends with ok
1 verbose cli [ '/usr/bin/node', '/usr/bin/npm', 'install', 'mangoose' ]
2 info using npm@1.4.28
3 info using node@v0.10.37
4 verbose node symlink /usr/bin/node
5 verbose cache add [ 'mangoose', null ]
6 verbose cache add name=undefined spec="mangoose" args=["mangoose",null]
7 verbose parsed url { protocol: null,
7 verbose parsed url   slashes: null,
7 verbose parsed url   auth: null,
7 verbose parsed url   host: null,
7 verbose parsed url   port: null,
7 verbose parsed url   hostname: null,
7 verbose parsed url   hash: null,
7 verbose parsed url   search: null,
7 verbose parsed url   query: null,
7 verbose parsed url   pathname: 'mangoose',
7 verbose parsed url   path: 'mangoose',
7 verbose parsed url   href: 'mangoose' }
8 silly lockFile 2a58770c-mangoose mangoose
9 verbose lock mangoose /home/alex/.npm/2a58770c-mangoose.lock
10 silly lockFile 2a58770c-mangoose mangoose
11 silly lockFile 2a58770c-mangoose mangoose
12 verbose addNamed [ 'mangoose', '' ]
13 verbose addNamed [ null, '*' ]
14 silly lockFile 68faba89-mangoose mangoose@
15 verbose lock mangoose@ /home/alex/.npm/68faba89-mangoose.lock
16 silly addNameRange { name: 'mangoose', range: '*', hasData: false }
17 verbose request where is /mangoose
18 verbose request registry https://registry.npmjs.org/
19 verbose request id b3d21f460fff0da6
20 verbose url raw /mangoose
21 verbose url resolving [ 'https://registry.npmjs.org/', './mangoose' ]
22 verbose url resolved https://registry.npmjs.org/mangoose
23 verbose request where is https://registry.npmjs.org/mangoose
24 info trying registry request attempt 1 at 16:28:40
25 http GET https://registry.npmjs.org/mangoose
26 http 404 https://registry.npmjs.org/mangoose
27 verbose headers { date: 'Tue, 07 Apr 2015 14:28:53 GMT',
27 verbose headers   server: 'CouchDB/1.5.0 (Erlang OTP/R16B03)',
27 verbose headers   'content-type': 'application/json',
27 verbose headers   'cache-control': 'max-age=0',
27 verbose headers   'content-length': '51',
27 verbose headers   'accept-ranges': 'bytes',
27 verbose headers   via: '1.1 varnish',
27 verbose headers   age: '0',
27 verbose headers   'x-served-by': 'cache-fra1243-FRA',
27 verbose headers   'x-cache': 'MISS',
27 verbose headers   'x-cache-hits': '0',
27 verbose headers   'x-timer': 'S1428416933.030041,VS0,VE718',
27 verbose headers   'keep-alive': 'timeout=10, max=50',
27 verbose headers   connection: 'Keep-Alive' }
28 silly registry.get cb [ 404,
28 silly registry.get   { date: 'Tue, 07 Apr 2015 14:28:53 GMT',
28 silly registry.get     server: 'CouchDB/1.5.0 (Erlang OTP/R16B03)',
28 silly registry.get     'content-type': 'application/json',
28 silly registry.get     'cache-control': 'max-age=0',
28 silly registry.get     'content-length': '51',
28 silly registry.get     'accept-ranges': 'bytes',
28 silly registry.get     via: '1.1 varnish',
28 silly registry.get     age: '0',
28 silly registry.get     'x-served-by': 'cache-fra1243-FRA',
28 silly registry.get     'x-cache': 'MISS',
28 silly registry.get     'x-cache-hits': '0',
28 silly registry.get     'x-timer': 'S1428416933.030041,VS0,VE718',
28 silly registry.get     'keep-alive': 'timeout=10, max=50',
28 silly registry.get     connection: 'Keep-Alive' } ]
29 silly lockFile 68faba89-mangoose mangoose@
30 silly lockFile 68faba89-mangoose mangoose@
31 error 404 404 Not Found: mangoose
31 error 404
31 error 404 'mangoose' is not in the npm registry.
31 error 404 You should bug the author to publish it
31 error 404
31 error 404 Note that you can also install from a
31 error 404 tarball, folder, or http url, or git url.
32 error System Linux 3.13.0-37-generic
33 error command "/usr/bin/node" "/usr/bin/npm" "install" "mangoose"
34 error cwd /home/alex/Documents/js_serv/expressNano
35 error node -v v0.10.37
36 error npm -v 1.4.28
37 error code E404
38 verbose exit [ 1, true ]
